{"/home/henk/Development/02 Real Time Projects/Web Dev/CryptoBot/src/js/functions.js": {"path":"/home/henk/Development/02 Real Time Projects/Web Dev/CryptoBot/src/js/functions.js","all":false,"statementMap":{"0":{"start":{"line":1,"column":0},"end":{"line":1,"column":28}},"1":{"start":{"line":2,"column":0},"end":{"line":2,"column":0}},"2":{"start":{"line":3,"column":0},"end":{"line":3,"column":19}},"3":{"start":{"line":4,"column":0},"end":{"line":4,"column":37}},"4":{"start":{"line":5,"column":0},"end":{"line":5,"column":23}},"5":{"start":{"line":6,"column":0},"end":{"line":6,"column":23}},"6":{"start":{"line":7,"column":0},"end":{"line":7,"column":30}},"7":{"start":{"line":8,"column":0},"end":{"line":8,"column":27}},"8":{"start":{"line":9,"column":0},"end":{"line":9,"column":2}},"9":{"start":{"line":10,"column":0},"end":{"line":10,"column":27}}},"s":{"0":1,"1":1,"2":1,"3":1,"4":1,"5":1,"6":1,"7":1,"8":1,"9":1},"branchMap":{"0":{"type":"branch","line":4,"loc":{"start":{"line":4,"column":9},"end":{"line":4,"column":37}},"locations":[{"start":{"line":4,"column":9},"end":{"line":4,"column":37}}]},"1":{"type":"branch","line":5,"loc":{"start":{"line":5,"column":12},"end":{"line":5,"column":23}},"locations":[{"start":{"line":5,"column":12},"end":{"line":5,"column":23}}]},"2":{"type":"branch","line":6,"loc":{"start":{"line":6,"column":16},"end":{"line":6,"column":23}},"locations":[{"start":{"line":6,"column":16},"end":{"line":6,"column":23}}]},"3":{"type":"branch","line":8,"loc":{"start":{"line":8,"column":13},"end":{"line":8,"column":27}},"locations":[{"start":{"line":8,"column":13},"end":{"line":8,"column":27}}]}},"b":{"0":[2],"1":[1],"2":[2],"3":[1]},"fnMap":{"0":{"name":"add","decl":{"start":{"line":4,"column":9},"end":{"line":4,"column":37}},"loc":{"start":{"line":4,"column":9},"end":{"line":4,"column":37}},"line":4},"1":{"name":"isNull","decl":{"start":{"line":5,"column":12},"end":{"line":5,"column":23}},"loc":{"start":{"line":5,"column":12},"end":{"line":5,"column":23}},"line":5},"2":{"name":"checkValue","decl":{"start":{"line":6,"column":16},"end":{"line":6,"column":23}},"loc":{"start":{"line":6,"column":16},"end":{"line":6,"column":23}},"line":6},"3":{"name":"isArray","decl":{"start":{"line":8,"column":13},"end":{"line":8,"column":27}},"loc":{"start":{"line":8,"column":13},"end":{"line":8,"column":27}},"line":8}},"f":{"0":2,"1":1,"2":2,"3":1}}
}
